<?xml version="1.0" encoding="UTF-8"?>
<!-- Generated by org.testng.reporters.JUnitReportReporter -->
<testsuite hostname="sunjian-HP" name="TestModule1.TestCases1" tests="1" failures="0" timestamp="1 Jun 2014 05:41:31 GMT" time="8.254" errors="0">
  <testcase name="start" time="8.254" classname="TestModule1.TestCases1"/>
</testsuite> <!-- TestModule1.TestCases1 -->
