<?xml version="1.0" encoding="UTF-8"?>
<!-- Generated by org.testng.reporters.JUnitReportReporter -->
<testsuite hostname="sunjian-HP" name="TestModule1.TestMavenSureFirePlugin" tests="1" failures="0" timestamp="2 Aug 2014 05:30:21 GMT" time="5.971" errors="0">
  <testcase name="start" time="5.971" classname="TestModule1.TestMavenSureFirePlugin"/>
</testsuite> <!-- TestModule1.TestMavenSureFirePlugin -->
