<?xml version="1.0" encoding="UTF-8"?>
<!-- Generated by org.testng.reporters.JUnitReportReporter -->
<testsuite hostname="sunjian-HP" name="TestModule4.TestTerry" tests="1" failures="0" timestamp="1 Jun 2014 13:20:56 GMT" time="0.020" errors="0">
  <testcase name="testJ" time="0.020" classname="TestModule4.TestTerry"/>
</testsuite> <!-- TestModule4.TestTerry -->
