<?xml version="1.0" encoding="UTF-8"?>
<!-- Generated by org.testng.reporters.JUnitReportReporter -->
<testsuite hostname="sunjian-HP" name="TestModule1.TestMavenSureFirePlugin" tests="1" failures="0" timestamp="20 Jul 2014 05:22:34 GMT" time="4.214" errors="0">
  <testcase name="start" time="4.214" classname="TestModule1.TestMavenSureFirePlugin"/>
</testsuite> <!-- TestModule1.TestMavenSureFirePlugin -->
