<?xml version="1.0" encoding="UTF-8"?>
<!-- Generated by org.testng.reporters.JUnitReportReporter -->
<testsuite hostname="sunjian-HP" name="TestModule3.TestMutipleThreads" tests="2" failures="0" timestamp="1 Jun 2014 07:33:21 GMT" time="21.764" errors="0">
  <testcase name="visit51buy" time="14.902" classname="TestModule3.TestMutipleThreads"/>
  <testcase name="visitJD" time="6.862" classname="TestModule3.TestMutipleThreads"/>
</testsuite> <!-- TestModule3.TestMutipleThreads -->
